<?xml version="1.0" encoding="UTF-8"?>
<!-- Generated by org.testng.reporters.JUnitReportReporter -->
<testsuite hostname="DESKTOP-O9NMSRM" failures="0" tests="1" name="testcases.OES.OESPlayerEntryDetailsClosedSubevents" time="1312.006" errors="0" timestamp="22 Mar 2024 12:23:40 GMT" skipped="0">
  <testcase classname="testcases.OES.OESPlayerEntryDetailsClosedSubevents" name="OEsplayerentrydetailsclosedevents" time="1312.006"/>
</testsuite> <!-- testcases.OES.OESPlayerEntryDetailsClosedSubevents -->
