<?xml version="1.0" encoding="UTF-8"?>
<!-- Generated by org.testng.reporters.JUnitReportReporter -->
<testsuite hostname="DESKTOP-O9NMSRM" failures="0" tests="1" name="testcases.AdminPortal.Eventcreation" time="503.159" errors="0" timestamp="12 Mar 2024 04:24:51 GMT" skipped="0">
  <testcase classname="testcases.AdminPortal.Eventcreation" name="crateevent" time="503.159"/>
</testsuite> <!-- testcases.AdminPortal.Eventcreation -->
