<?xml version="1.0" encoding="UTF-8"?>
<!-- Generated by org.testng.reporters.JUnitReportReporter -->
<testsuite skipped="0" hostname="DESKTOP-1E6L4T6" name="testcases.LoginPageTest" tests="1" failures="0" timestamp="03 Feb 2024 10:17:14 GMT" time="0.029" errors="0">
  <testcase name="loginPageTitleTest" time="0.029" classname="testcases.LoginPageTest"/>
</testsuite> <!-- testcases.LoginPageTest -->
