<?xml version="1.0" encoding="UTF-8"?>
<!-- Generated by org.testng.reporters.JUnitReportReporter -->
<testsuite hostname="DESKTOP-O9NMSRM" failures="0" tests="1" name="testcases.AdminPortal.SubEventcreation" time="653.566" errors="0" timestamp="15 Mar 2024 09:45:29 GMT" skipped="0">
  <testcase classname="testcases.AdminPortal.SubEventcreation" name="subcrateevent" time="653.566"/>
</testsuite> <!-- testcases.AdminPortal.SubEventcreation -->
