<?xml version="1.0" encoding="UTF-8"?>
<!-- Generated by org.testng.reporters.JUnitReportReporter -->
<testsuite hostname="DESKTOP-O9NMSRM" failures="0" tests="1" name="testcases.AdminPortal.Testtestcase" time="33.279" errors="0" timestamp="14 Mar 2024 12:42:20 GMT" skipped="0">
  <testcase classname="testcases.AdminPortal.Testtestcase" name="test" time="33.279"/>
</testsuite> <!-- testcases.AdminPortal.Testtestcase -->
