<?xml version="1.0" encoding="UTF-8"?>
<!-- Generated by org.testng.reporters.JUnitReportReporter -->
<testsuite hostname="DESKTOP-O9NMSRM" failures="0" tests="1" name="testcases.OES.OESPlayerEntryDetails" time="753.593" errors="0" timestamp="19 Mar 2024 12:46:30 GMT" skipped="0">
  <testcase classname="testcases.OES.OESPlayerEntryDetails" name="OEsplayerentrydetails" time="753.593"/>
</testsuite> <!-- testcases.OES.OESPlayerEntryDetails -->
