<?xml version="1.0" encoding="UTF-8"?>
<!-- Generated by org.testng.reporters.JUnitReportReporter -->
<testsuite hostname="DESKTOP-O9NMSRM" failures="0" tests="1" name="testcases.AdminPortal.Testtestcase" time="231.281" errors="0" timestamp="21 Mar 2024 07:53:52 GMT" skipped="0">
  <testcase classname="testcases.AdminPortal.Testtestcase" name="testcases" time="231.281"/>
</testsuite> <!-- testcases.AdminPortal.Testtestcase -->
