<?xml version="1.0" encoding="UTF-8"?>
<!-- Generated by org.testng.reporters.JUnitReportReporter -->
<testsuite hostname="DESKTOP-O9NMSRM" failures="0" tests="1" name="testcases.OES.OESPlayerEntryDetailsClosedSubevents" time="1291.413" errors="0" timestamp="26 Mar 2024 03:34:58 GMT" skipped="0">
  <testcase classname="testcases.OES.OESPlayerEntryDetailsClosedSubevents" name="OEsplayerentrydetailsclosedevents" time="1291.413"/>
</testsuite> <!-- testcases.OES.OESPlayerEntryDetailsClosedSubevents -->
