<?xml version="1.0" encoding="UTF-8"?>
<!-- Generated by org.testng.reporters.JUnitReportReporter -->
<testsuite hostname="DESKTOP-O9NMSRM" failures="0" tests="1" name="testcases.AdminPortal.Eventcreation" time="212.795" errors="0" timestamp="15 Feb 2024 10:45:39 GMT" skipped="0">
  <testcase classname="testcases.AdminPortal.Eventcreation" name="crateevent" time="212.795"/>
</testsuite> <!-- testcases.AdminPortal.Eventcreation -->
