<?xml version="1.0" encoding="UTF-8"?>
<!-- Generated by org.testng.reporters.JUnitReportReporter -->
<testsuite hostname="DESKTOP-O9NMSRM" failures="0" tests="1" name="testcases.AdminPortal.Testtestcase" time="42.840" errors="0" timestamp="19 Mar 2024 12:29:11 GMT" skipped="0">
  <testcase classname="testcases.AdminPortal.Testtestcase" name="testcases" time="42.840"/>
</testsuite> <!-- testcases.AdminPortal.Testtestcase -->
