<?xml version="1.0" encoding="UTF-8"?>
<!-- Generated by org.testng.reporters.JUnitReportReporter -->
<testsuite hostname="DESKTOP-O9NMSRM" failures="0" tests="1" name="testcases.OES.OESPlayerEntryDetailsOpenSubevents" time="1274.141" errors="0" timestamp="21 Mar 2024 08:20:00 GMT" skipped="0">
  <testcase classname="testcases.OES.OESPlayerEntryDetailsOpenSubevents" name="OEsplayerentrydetailsopensubevents" time="1274.141"/>
</testsuite> <!-- testcases.OES.OESPlayerEntryDetailsOpenSubevents -->
