<?xml version="1.0" encoding="UTF-8"?>
<!-- Generated by org.testng.reporters.JUnitReportReporter -->
<testsuite hostname="DESKTOP-O9NMSRM" failures="0" tests="1" name="testcases.AdminPortal.LoginPageTest" time="20.552" errors="0" timestamp="14 Feb 2024 09:30:22 GMT" skipped="0">
  <testcase classname="testcases.AdminPortal.LoginPageTest" name="admin_portal_loginPageTitleTest" time="20.552"/>
</testsuite> <!-- testcases.AdminPortal.LoginPageTest -->
