<?xml version="1.0" encoding="UTF-8"?>
<!-- Generated by org.testng.reporters.JUnitReportReporter -->
<testsuite hostname="DESKTOP-O9NMSRM" failures="0" tests="1" name="testcases.AdminPortal.StaticSubEventcreation" time="659.765" errors="0" timestamp="15 Mar 2024 11:00:09 GMT" skipped="0">
  <testcase classname="testcases.AdminPortal.StaticSubEventcreation" name="staticsubcrateevent" time="659.765"/>
</testsuite> <!-- testcases.AdminPortal.StaticSubEventcreation -->
