<?xml version="1.0" encoding="UTF-8"?>
<!-- Generated by org.testng.reporters.JUnitReportReporter -->
<testsuite hostname="DESKTOP-O9NMSRM" failures="0" tests="1" name="testcases.OES.OESPlayerEntryDetails" time="1271.900" errors="0" timestamp="21 Mar 2024 05:27:37 GMT" skipped="0">
  <testcase classname="testcases.OES.OESPlayerEntryDetails" name="OEsplayerentrydetails" time="1271.900"/>
</testsuite> <!-- testcases.OES.OESPlayerEntryDetails -->
