<?xml version="1.0" encoding="UTF-8"?>
<!-- Generated by org.testng.reporters.JUnitReportReporter -->
<testsuite hostname="DESKTOP-O9NMSRM" failures="0" tests="1" name="testcases.AdminPortal.StaticSubEventcreation" time="113.058" errors="0" timestamp="15 Mar 2024 09:33:01 GMT" skipped="0">
  <testcase classname="testcases.AdminPortal.StaticSubEventcreation" name="staticsubcrateevent" time="113.058"/>
</testsuite> <!-- testcases.AdminPortal.StaticSubEventcreation -->
