<?xml version="1.0" encoding="UTF-8"?>
<!-- Generated by org.testng.reporters.JUnitReportReporter -->
<testsuite hostname="DESKTOP-O9NMSRM" failures="0" tests="1" name="testcases.AdminPortal.LoginPageTest" time="5.807" errors="0" timestamp="05 Mar 2024 07:15:50 GMT" skipped="0">
  <testcase classname="testcases.AdminPortal.LoginPageTest" name="admin_portal_loginPageTitleTest" time="5.807"/>
</testsuite> <!-- testcases.AdminPortal.LoginPageTest -->
