<?xml version="1.0" encoding="UTF-8"?>
<!-- Generated by org.testng.reporters.JUnitReportReporter -->
<testsuite hostname="DESKTOP-O9NMSRM" failures="0" tests="1" name="testcases.AdminPortal.SubEventcreation" time="704.805" errors="0" timestamp="19 Mar 2024 10:30:32 GMT" skipped="0">
  <testcase classname="testcases.AdminPortal.SubEventcreation" name="subeventcreation" time="704.805"/>
</testsuite> <!-- testcases.AdminPortal.SubEventcreation -->
