<?xml version="1.0" encoding="UTF-8"?>
<!-- Generated by org.testng.reporters.JUnitReportReporter -->
<testsuite hostname="DESKTOP-O9NMSRM" failures="0" tests="1" name="testcases.AdminPortal.Eventcreation" time="2605.607" errors="0" timestamp="07 Mar 2024 19:16:04 GMT" skipped="0">
  <testcase classname="testcases.AdminPortal.Eventcreation" name="crateevent" time="2605.607"/>
</testsuite> <!-- testcases.AdminPortal.Eventcreation -->
