<?xml version="1.0" encoding="UTF-8"?>
<!-- Generated by org.testng.reporters.JUnitReportReporter -->
<testsuite hostname="DESKTOP-O9NMSRM" failures="0" tests="1" name="testcases.AdminPortal.SubEventcreation" time="660.427" errors="0" timestamp="15 Mar 2024 10:13:17 GMT" skipped="0">
  <testcase classname="testcases.AdminPortal.SubEventcreation" name="subcrateevent" time="660.427"/>
</testsuite> <!-- testcases.AdminPortal.SubEventcreation -->
