<?xml version="1.0" encoding="UTF-8"?>
<!-- Generated by org.testng.reporters.JUnitReportReporter -->
<testsuite hostname="DESKTOP-5R3OHMN" failures="0" tests="1" name="testcases.LoginPageTest" time="0.418" errors="0" timestamp="06 Feb 2024 09:24:22 GMT" skipped="0">
  <testcase classname="testcases.LoginPageTest" name="loginPageTitleTest" time="0.418"/>
</testsuite> <!-- testcases.LoginPageTest -->
