<?xml version="1.0" encoding="UTF-8"?>
<!-- Generated by org.testng.reporters.JUnitReportReporter -->
<testsuite hostname="DESKTOP-O9NMSRM" failures="0" tests="1" name="testcases.AdminPortal.SubEventcreation" time="14.856" errors="0" timestamp="12 Mar 2024 12:32:04 GMT" skipped="0">
  <testcase classname="testcases.AdminPortal.SubEventcreation" name="subcrateevent" time="14.856"/>
</testsuite> <!-- testcases.AdminPortal.SubEventcreation -->
