<?xml version="1.0" encoding="UTF-8"?>
<!-- Generated by org.testng.reporters.JUnitReportReporter -->
<testsuite hostname="DESKTOP-O9NMSRM" failures="0" tests="1" name="testcases.AdminPortal.Eventcreation" time="576.651" errors="0" timestamp="17 Mar 2024 06:08:59 GMT" skipped="0">
  <testcase classname="testcases.AdminPortal.Eventcreation" name="crateevent" time="576.651"/>
</testsuite> <!-- testcases.AdminPortal.Eventcreation -->
