<?xml version="1.0" encoding="UTF-8"?>
<!-- Generated by org.testng.reporters.JUnitReportReporter -->
<testsuite hostname="DESKTOP-O9NMSRM" failures="0" tests="1" name="testcases.AdminPortal.SubEventcreation" time="88.627" errors="0" timestamp="14 Mar 2024 06:07:29 GMT" skipped="0">
  <testcase classname="testcases.AdminPortal.SubEventcreation" name="subcrateevent" time="88.627"/>
</testsuite> <!-- testcases.AdminPortal.SubEventcreation -->
