<?xml version="1.0" encoding="UTF-8"?>
<!-- Generated by org.testng.reporters.JUnitReportReporter -->
<testsuite hostname="DESKTOP-O9NMSRM" failures="0" tests="1" name="testcases.AdminPortal.Testtestcase" time="232.974" errors="0" timestamp="20 Mar 2024 13:37:49 GMT" skipped="0">
  <testcase classname="testcases.AdminPortal.Testtestcase" name="testcases" time="232.974"/>
</testsuite> <!-- testcases.AdminPortal.Testtestcase -->
